[01:13:33] [Server thread/INFO]: Starting minecraft server version 1.12.2
[01:13:33] [Server thread/INFO]: Loading properties
[01:13:33] [Server thread/INFO]: Default game type: SURVIVAL
[01:13:33] [Server thread/INFO]: This server is running Paper version git-Paper-1620 (MC: 1.12.2) (Implementing API version 1.12.2-R0.1-SNAPSHOT)
[01:13:33] [Server thread/INFO]: Debug logging is disabled
[01:13:33] [Server thread/INFO]: Server Ping Player Sample Count: 12
[01:13:33] [Server thread/INFO]: Using 4 threads for Netty based IO
[01:13:34] [Server thread/INFO]: Generating keypair
[01:13:34] [Server thread/INFO]: Starting Minecraft server on *:25565
[01:13:34] [Server thread/INFO]: Using epoll channel type
[01:13:34] [Server thread/INFO]: Set PluginClassLoader as parallel capable
[01:13:34] [Server thread/INFO]: [LuckPerms] Loading LuckPerms v5.5.42
[01:13:34] [Server thread/INFO]: [LuckPerms] Loading configuration...
[01:13:34] [Server thread/INFO]: [WorldEdit] Loading WorldEdit v6.1.9;caf0ad9
[01:13:34] [Server thread/INFO]: [Vault] Loading Vault v1.7.3-b131
[01:13:34] [Server thread/INFO]: [WorldGuard] Loading WorldGuard v6.2.2-SNAPSHOT;8eeab68
[01:13:34] [Server thread/INFO]: [Essentials] Loading Essentials v2.21.2
[01:13:34] [Server thread/INFO]: [EssentialsSpawn] Loading EssentialsSpawn v2.21.2
[01:13:34] [Server thread/INFO]: [AuthMe] Loading AuthMe v5.6.0-bCUSTOM
[01:13:34] [Server thread/INFO]: Server permissions file permissions.yml is empty, ignoring it
[01:13:34] [Server thread/INFO]: [LuckPerms] Enabling LuckPerms v5.5.42
[01:13:35] [Server thread/INFO]:         __    
[01:13:35] [Server thread/INFO]:   |    |__)   LuckPerms v5.5.42
[01:13:35] [Server thread/INFO]:   |___ |      Running on Bukkit - Paper
[01:13:35] [Server thread/INFO]: 
[01:13:35] [Server thread/INFO]: [LuckPerms] Loading storage provider... [H2]
[01:13:35] [Server thread/INFO]: [LuckPerms] Loading internal permission managers...
[01:13:35] [Server thread/INFO]: [LuckPerms] Performing initial data load...
[01:13:36] [Server thread/INFO]: [LuckPerms] Successfully enabled. (took 1127ms)
[01:13:36] [Server thread/INFO]: [Vault] Enabling Vault v1.7.3-b131
[01:13:36] [Server thread/INFO]: [Vault] [Economy] Essentials Economy found: Waiting
[01:13:36] [Server thread/INFO]: [Vault] [Permission] SuperPermissions loaded as backup permission system.
[01:13:36] [Server thread/INFO]: [Vault] Enabled Version 1.7.3-b131
[01:13:36] [Server thread/INFO]: [LuckPerms] Registered Vault permission & chat hook.
[01:13:36] [Server thread/WARN]: **** SERVER IS RUNNING IN OFFLINE/INSECURE MODE!
[01:13:36] [Server thread/WARN]: The server will make no attempt to authenticate usernames. Beware.
[01:13:36] [Server thread/WARN]: While this makes the game possible to play without internet access, it also opens up the ability for hackers to connect with any username they choose.
[01:13:36] [Server thread/WARN]: To change this, set "online-mode" to "true" in the server.properties file.
[01:13:36] [Server thread/INFO]: **** Beginning UUID conversion, this may take A LONG time ****
[01:13:36] [Server thread/INFO]: Preparing level "world"
[01:13:36] [Server thread/INFO]: -------- World Settings For [world] --------
[01:13:36] [Server thread/INFO]: Mob Spawn Range: 4
[01:13:36] [Server thread/INFO]: Cactus Growth Modifier: 100%
[01:13:36] [Server thread/INFO]: Cane Growth Modifier: 100%
[01:13:36] [Server thread/INFO]: Melon Growth Modifier: 100%
[01:13:36] [Server thread/INFO]: Mushroom Growth Modifier: 100%
[01:13:36] [Server thread/INFO]: Pumpkin Growth Modifier: 100%
[01:13:36] [Server thread/INFO]: Sapling Growth Modifier: 100%
[01:13:36] [Server thread/INFO]: Wheat Growth Modifier: 100%
[01:13:36] [Server thread/INFO]: NetherWart Growth Modifier: 100%
[01:13:36] [Server thread/INFO]: Vine Growth Modifier: 100%
[01:13:36] [Server thread/INFO]: Cocoa Growth Modifier: 100%
[01:13:36] [Server thread/INFO]: Entity Activation Range: An 32 / Mo 32 / Mi 16 / Tiv true
[01:13:36] [Server thread/INFO]: Entity Tracking Range: Pl 48 / An 48 / Mo 48 / Mi 32 / Other 64
[01:13:36] [Server thread/INFO]: Hopper Transfer: 8 Hopper Check: 1 Hopper Amount: 1
[01:13:36] [Server thread/INFO]: Random Lighting Updates: false
[01:13:36] [Server thread/INFO]: Structure Info Saving: true
[01:13:36] [Server thread/INFO]: Custom Map Seeds:  Village: 10387312 Feature: 14357617 Monument: 10387313 Slime: 987234911
[01:13:36] [Server thread/INFO]: Max TNT Explosions: 100
[01:13:36] [Server thread/INFO]: Tile Max Tick Time: 50ms Entity max Tick Time: 50ms
[01:13:36] [Server thread/INFO]: Item Despawn Rate: 6000
[01:13:36] [Server thread/INFO]: Item Merge Radius: 2.5
[01:13:36] [Server thread/INFO]: View Distance: 5
[01:13:36] [Server thread/INFO]: Arrow Despawn Rate: 1200
[01:13:36] [Server thread/INFO]: Allow Zombie Pigmen to spawn from portal blocks: true
[01:13:36] [Server thread/INFO]: Experience Merge Radius: 3.0
[01:13:36] [Server thread/INFO]: Zombie Aggressive Towards Villager: true
[01:13:36] [Server thread/INFO]: Nerfing mobs spawned from spawners: false
[01:13:36] [Server thread/INFO]: -------- World Settings For [world_nether] --------
[01:13:36] [Server thread/INFO]: Mob Spawn Range: 4
[01:13:36] [Server thread/INFO]: Cactus Growth Modifier: 100%
[01:13:36] [Server thread/INFO]: Cane Growth Modifier: 100%
[01:13:36] [Server thread/INFO]: Melon Growth Modifier: 100%
[01:13:36] [Server thread/INFO]: Mushroom Growth Modifier: 100%
[01:13:36] [Server thread/INFO]: Pumpkin Growth Modifier: 100%
[01:13:36] [Server thread/INFO]: Sapling Growth Modifier: 100%
[01:13:36] [Server thread/INFO]: Wheat Growth Modifier: 100%
[01:13:36] [Server thread/INFO]: NetherWart Growth Modifier: 100%
[01:13:36] [Server thread/INFO]: Vine Growth Modifier: 100%
[01:13:36] [Server thread/INFO]: Cocoa Growth Modifier: 100%
[01:13:36] [Server thread/INFO]: Entity Activation Range: An 32 / Mo 32 / Mi 16 / Tiv true
[01:13:36] [Server thread/INFO]: Entity Tracking Range: Pl 48 / An 48 / Mo 48 / Mi 32 / Other 64
[01:13:36] [Server thread/INFO]: Hopper Transfer: 8 Hopper Check: 1 Hopper Amount: 1
[01:13:36] [Server thread/INFO]: Random Lighting Updates: false
[01:13:36] [Server thread/INFO]: Structure Info Saving: true
[01:13:36] [Server thread/INFO]: Custom Map Seeds:  Village: 10387312 Feature: 14357617 Monument: 10387313 Slime: 987234911
[01:13:36] [Server thread/INFO]: Max TNT Explosions: 100
[01:13:36] [Server thread/INFO]: Tile Max Tick Time: 50ms Entity max Tick Time: 50ms
[01:13:36] [Server thread/INFO]: Item Despawn Rate: 6000
[01:13:36] [Server thread/INFO]: Item Merge Radius: 2.5
[01:13:36] [Server thread/INFO]: View Distance: 5
[01:13:36] [Server thread/INFO]: Arrow Despawn Rate: 1200
[01:13:36] [Server thread/INFO]: Allow Zombie Pigmen to spawn from portal blocks: true
[01:13:36] [Server thread/INFO]: Experience Merge Radius: 3.0
[01:13:36] [Server thread/INFO]: Zombie Aggressive Towards Villager: true
[01:13:36] [Server thread/INFO]: Nerfing mobs spawned from spawners: false
[01:13:36] [Server thread/INFO]: -------- World Settings For [world_the_end] --------
[01:13:36] [Server thread/INFO]: Mob Spawn Range: 4
[01:13:36] [Server thread/INFO]: Cactus Growth Modifier: 100%
[01:13:36] [Server thread/INFO]: Cane Growth Modifier: 100%
[01:13:36] [Server thread/INFO]: Melon Growth Modifier: 100%
[01:13:36] [Server thread/INFO]: Mushroom Growth Modifier: 100%
[01:13:36] [Server thread/INFO]: Pumpkin Growth Modifier: 100%
[01:13:36] [Server thread/INFO]: Sapling Growth Modifier: 100%
[01:13:36] [Server thread/INFO]: Wheat Growth Modifier: 100%
[01:13:36] [Server thread/INFO]: NetherWart Growth Modifier: 100%
[01:13:36] [Server thread/INFO]: Vine Growth Modifier: 100%
[01:13:36] [Server thread/INFO]: Cocoa Growth Modifier: 100%
[01:13:36] [Server thread/INFO]: Entity Activation Range: An 32 / Mo 32 / Mi 16 / Tiv true
[01:13:36] [Server thread/INFO]: Entity Tracking Range: Pl 48 / An 48 / Mo 48 / Mi 32 / Other 64
[01:13:36] [Server thread/INFO]: Hopper Transfer: 8 Hopper Check: 1 Hopper Amount: 1
[01:13:36] [Server thread/INFO]: Random Lighting Updates: false
[01:13:36] [Server thread/INFO]: Structure Info Saving: true
[01:13:36] [Server thread/INFO]: Custom Map Seeds:  Village: 10387312 Feature: 14357617 Monument: 10387313 Slime: 987234911
[01:13:36] [Server thread/INFO]: Max TNT Explosions: 100
[01:13:36] [Server thread/INFO]: Tile Max Tick Time: 50ms Entity max Tick Time: 50ms
[01:13:36] [Server thread/INFO]: Item Despawn Rate: 6000
[01:13:36] [Server thread/INFO]: Item Merge Radius: 2.5
[01:13:36] [Server thread/INFO]: View Distance: 5
[01:13:36] [Server thread/INFO]: Arrow Despawn Rate: 1200
[01:13:36] [Server thread/INFO]: Allow Zombie Pigmen to spawn from portal blocks: true
[01:13:36] [Server thread/INFO]: Experience Merge Radius: 3.0
[01:13:36] [Server thread/INFO]: Zombie Aggressive Towards Villager: true
[01:13:36] [Server thread/INFO]: Nerfing mobs spawned from spawners: false
[01:13:36] [Server thread/INFO]: Preparing start region for level 0 (Seed: 4009601045147741350)
[01:13:37] [Server thread/INFO]: Preparing start region for level 1 (Seed: 4009601045147741350)
[01:13:37] [Server thread/INFO]: Preparing start region for level 2 (Seed: 4009601045147741350)
[01:13:37] [Server thread/INFO]: [WorldEdit] Enabling WorldEdit v6.1.9;caf0ad9
[01:13:37] [Server thread/INFO]: WEPIF: Using the Bukkit Permissions API.
[01:13:37] [Server thread/INFO]: [WorldEdit] Using com.sk89q.worldedit.bukkit.adapter.impl.Spigot_v1_12_R2 as the Bukkit adapter
[01:13:37] [Server thread/INFO]: [WorldGuard] Enabling WorldGuard v6.2.2-SNAPSHOT;8eeab68
[01:13:37] [Server thread/INFO]: [WorldGuard] (world) TNT ignition is PERMITTED.
[01:13:37] [Server thread/INFO]: [WorldGuard] (world) Lighters are PERMITTED.
[01:13:37] [Server thread/INFO]: [WorldGuard] (world) Lava fire is blocked.
[01:13:37] [Server thread/INFO]: [WorldGuard] (world) Fire spread is UNRESTRICTED.
[01:13:37] [Server thread/INFO]: [WorldGuard] Loaded configuration for world 'world'
[01:13:37] [Server thread/INFO]: [WorldGuard] (world_nether) TNT ignition is PERMITTED.
[01:13:37] [Server thread/INFO]: [WorldGuard] (world_nether) Lighters are PERMITTED.
[01:13:37] [Server thread/INFO]: [WorldGuard] (world_nether) Lava fire is blocked.
[01:13:37] [Server thread/INFO]: [WorldGuard] (world_nether) Fire spread is UNRESTRICTED.
[01:13:37] [Server thread/INFO]: [WorldGuard] Loaded configuration for world 'world_nether'
[01:13:37] [Server thread/INFO]: [WorldGuard] (world_the_end) TNT ignition is PERMITTED.
[01:13:37] [Server thread/INFO]: [WorldGuard] (world_the_end) Lighters are PERMITTED.
[01:13:37] [Server thread/INFO]: [WorldGuard] (world_the_end) Lava fire is blocked.
[01:13:37] [Server thread/INFO]: [WorldGuard] (world_the_end) Fire spread is UNRESTRICTED.
[01:13:37] [Server thread/INFO]: [WorldGuard] Loaded configuration for world 'world_the_end'
[01:13:37] [Server thread/INFO]: [WorldGuard] Loading region data...
[01:13:38] [Server thread/INFO]: [Essentials] Enabling Essentials v2.21.2
[01:13:38] [Server thread/INFO]: [Essentials] Attempting to convert old kits in config.yml to new kits.yml
[01:13:38] [Server thread/INFO]: [Essentials] No kits found to migrate.
[01:13:38] [Server thread/INFO]: [Essentials] Selected Reflection Server State Provider as the provider for ServerStateProvider
[01:13:38] [Server thread/INFO]: [Essentials] Selected Reflection Online Mode Provider as the provider for OnlineModeProvider
[01:13:38] [Server thread/INFO]: [Essentials] Selected Paper Known Commands Provider as the provider for KnownCommandsProvider
[01:13:38] [Server thread/INFO]: [Essentials] Selected 1.8.3+ Spawner Item Provider as the provider for SpawnerItemProvider
[01:13:38] [Server thread/INFO]: [Essentials] Selected Legacy Damage Event Provider as the provider for DamageEventProvider
[01:13:38] [Server thread/INFO]: [Essentials] Selected Reflection Sync Commands Provider as the provider for SyncCommandsProvider
[01:13:38] [Server thread/INFO]: [Essentials] Selected Legacy Biome Name Provider as the provider for BiomeNameProvider
[01:13:38] [Server thread/INFO]: [Essentials] No provider found for SignDataProvider, but it is nullable
[01:13:38] [Server thread/INFO]: [Essentials] Selected Reflection Persistent Data Container Provider as the provider for PersistentDataProvider
[01:13:38] [Server thread/INFO]: [Essentials] Selected 1.9-1.20.4 Potion Meta Provider as the provider for PotionMetaProvider
[01:13:38] [Server thread/INFO]: [Essentials] No provider found for BiomeKeyProvider, but it is nullable
[01:13:38] [Server thread/INFO]: [Essentials] Selected 1.11+ Item Unbreakable Provider as the provider for ItemUnbreakableProvider
[01:13:38] [Server thread/INFO]: [Essentials] No provider found for SerializationProvider, but it is nullable
[01:13:38] [Server thread/INFO]: [Essentials] Selected 1.12.2+ Player Locale Provider as the provider for PlayerLocaleProvider
[01:13:38] [Server thread/INFO]: [Essentials] Selected Legacy InventoryView Abstract Class ABI Provider as the provider for InventoryViewProvider
[01:13:38] [Server thread/INFO]: [Essentials] No provider found for ContainerProvider, but it is nullable
[01:13:38] [Server thread/INFO]: [Essentials] Selected 1.9-1.12.2 Spawn Egg Provider as the provider for SpawnEggProvider
[01:13:38] [Server thread/INFO]: [Essentials] No provider found for MaterialTagProvider, but it is nullable
[01:13:38] [Server thread/INFO]: [Essentials] Selected Reflection Formatted Command Alias Provider as the provider for FormattedCommandAliasProvider
[01:13:38] [Server thread/INFO]: [Essentials] No provider found for TickCountProvider, but it is nullable
[01:13:38] [Server thread/INFO]: [Essentials] Selected 1.12+ Spawner Block Provider as the provider for SpawnerBlockProvider
[01:13:38] [Server thread/INFO]: [Essentials] Selected Fixed Height World Info Provider as the provider for WorldInfoProvider
[01:13:38] [Server thread/INFO]: [Essentials] Selected Legacy Banner Meta Provider as the provider for BannerDataProvider
[01:13:38] [Server thread/INFO]: [Essentials] Loaded 853 items from items.csv.
[01:13:38] [Server thread/INFO]: [Essentials] Using locale en
[01:13:38] [Server thread/INFO]: [Essentials] ServerListPingEvent: Spigot iterator API
[01:13:38] [Server thread/INFO]: [Essentials] Starting Metrics. Opt-out using the global bStats config.
[01:13:38] [Server thread/INFO]: [Vault] [Economy] Essentials Economy hooked.
[01:13:38] [Server thread/INFO]: [Essentials] Using Vault based permissions (LuckPerms)
[01:13:38] [Server thread/INFO]: [EssentialsSpawn] Enabling EssentialsSpawn v2.21.2
[01:13:38] [Server thread/INFO]: [EssentialsSpawn] Starting Metrics. Opt-out using the global bStats config.
[01:13:38] [Server thread/INFO]: [AuthMe] Enabling AuthMe v5.6.0-bCUSTOM
[01:13:38] [Server thread/INFO]: [AuthMe] SQLite Setup finished
[01:13:38] [Server thread/INFO]: [AuthMe] Hooked into LuckPerms!
[01:13:38] [Server thread/INFO]: [AuthMe] Hooked successfully into Essentials
[01:13:38] [Server thread/INFO]: [AuthMe] Essentials spawn file not found: '/workspaces/eagle-craft-1.12.2-hosting/server/plugins/Essentials/spawn.yml'
[01:13:38] [Server thread/WARN]: [AuthMe] WARNING! The protectInventory feature requires ProtocolLib! Disabling it...
[01:13:38] [Server thread/INFO]: [AuthMe] AuthMe 5.6.0 build n.CUSTOM successfully enabled!
[01:13:38] [Server thread/INFO]: Done (2.875s)! For help, type "help" or "?"
[01:13:38] [Server thread/INFO]: Timings Reset
[01:13:39] [Craft Scheduler Thread - 1/INFO]: [AuthMe] Downloading GEO IP database, because the old database is older than 30 days or doesn't exist
[01:13:39] [Server thread/INFO]: [Essentials] Essentials found a compatible payment resolution method: Vault Compatibility Layer (v1.7.3-b131)!
[01:13:39] [Craft Scheduler Thread - 1/WARN]: [AuthMe] No MaxMind credentials found in the configuration file! GeoIp protections will be disabled.
[01:13:39] [Craft Scheduler Thread - 1/INFO]: [AuthMe] There is no newer GEO IP database uploaded to MaxMind. Using the old one for now.
[01:13:39] [Craft Scheduler Thread - 4/INFO]: [Vault] Checking for Updates ... 
[01:13:39] [Craft Scheduler Thread - 3/INFO]: [Essentials] Fetching version information...
[01:13:39] [Craft Scheduler Thread - 1/WARN]: [AuthMe] Could not download GeoLiteAPI database [FileNotFoundException]: plugins/AuthMe/GeoLite2-Country.mmdb (No such file or directory)
[01:13:39] [Craft Scheduler Thread - 4/INFO]: [Vault] No new version available
[01:15:06] [User Authenticator #1/INFO]: UUID of player wsg63910 is 98ce53bd-043f-3f09-9485-5556e0b8e17e
[01:15:06] [Server thread/INFO]: wsg63910[/0:0:0:0:0:0:0:1%0:50814] logged in with entity id 79 at ([world]148.98521898864135, 66.0, 435.31549703108794)
[01:15:15] [Craft Scheduler Thread - 9/INFO]: [AuthMe] wsg63910 logged in 0:0:0:0:0:0:0:1%0
[01:15:21] [Server thread/INFO]: wsg63910 issued server command: /gamemode s
[01:15:24] [Server thread/INFO]: wsg63910 issued server command: /gamemode c
[01:15:42] [Server thread/INFO]: wsg63910 issued server command: /deop wsg63910
[01:15:42] [Server thread/INFO]: [wsg63910: De-opped wsg63910]
[01:16:04] [Server thread/INFO]: wsg63910 issued server command: /op wsg63910
[01:16:15] [Server thread/INFO]: Opped wsg63910
[01:16:25] [Server thread/INFO]: wsg63910 issued server command: /ban dfgaerg
[01:16:25] [Server thread/INFO]: [Essentials] Created a User for dfgaerg (a4d51ded-e3f8-34f7-83bb-2aae0a13435f) for non Bukkit type: com.earth2me.essentials.OfflinePlayerStub
[01:16:26] [Server thread/INFO]: [Essentials] Player wsg63910 banned dfgaerg for: \<secondary>You have been banned:
\<reset>The Ban Hammer has spoken!.
[01:16:53] [Server thread/INFO]: wsg63910 issued server command: /sethome spawn
[01:17:00] [Server thread/INFO]: wsg63910 issued server command: /rtp
[01:17:02] [Server thread/INFO]: wsg63910 issued server command: /help
[01:17:15] [Server thread/INFO]: wsg63910 issued server command: /help tp
[01:17:35] [Server thread/INFO]: wsg63910 issued server command: /help tp 2
[01:17:50] [Server thread/INFO]: wsg63910 issued server command: /help tp 3
[01:21:38] [Server thread/INFO]: wsg63910 lost connection: Disconnected
[01:21:38] [Server thread/INFO]: wsg63910 left the game
[01:21:44] [Server thread/INFO]: Stopping the server
[01:21:44] [Server thread/INFO]: Stopping server
[01:21:44] [Server thread/INFO]: [AuthMe] Disabling AuthMe v5.6.0-bCUSTOM
[01:21:44] [Server thread/INFO]: [AuthMe] Waiting for 0 tasks to finish
[01:21:44] [Server thread/INFO]: [AuthMe] AuthMe 5.6.0-bCUSTOM disabled!
[01:21:44] [Server thread/INFO]: [EssentialsSpawn] Disabling EssentialsSpawn v2.21.2
[01:21:44] [Server thread/INFO]: [Essentials] Disabling Essentials v2.21.2
[01:21:44] [Server thread/INFO]: [Vault] [Economy] Essentials Economy unhooked.
[01:21:44] [Server thread/INFO]: [WorldGuard] Disabling WorldGuard v6.2.2-SNAPSHOT;8eeab68
[01:21:44] [Server thread/INFO]: [WorldGuard] Shutting down executor and waiting for any pending tasks...
[01:21:44] [Server thread/INFO]: [Vault] Disabling Vault v1.7.3-b131
[01:21:44] [Server thread/INFO]: [WorldEdit] Disabling WorldEdit v6.1.9;caf0ad9
[01:21:44] [Server thread/INFO]: [LuckPerms] Disabling LuckPerms v5.5.42
[01:21:44] [Server thread/INFO]: [LuckPerms] Starting shutdown process...
[01:21:44] [Server thread/INFO]: [LuckPerms] Closing storage...
[01:21:44] [Server thread/INFO]: [LuckPerms] Goodbye!
[01:21:44] [Server thread/INFO]: Saving players
[01:21:44] [Server thread/INFO]: Saving worlds
[01:21:44] [Server thread/INFO]: Saving chunks for level 'world'/overworld
[01:21:44] [Server thread/INFO]: Saving chunks for level 'world_nether'/the_nether
[01:21:44] [Server thread/INFO]: Saving chunks for level 'world_the_end'/the_end
